info it worked if it ends with ok
verbose cli [ 'node', '/usr/local/bin/npm', 'publish', '--force' ]
info using npm@1.0.103
info using node@v0.4.12
verbose config file /Users/craig/.npmrc
verbose config file /usr/local/etc/npmrc
verbose config file /usr/local/lib/node_modules/npm/npmrc
verbose publish [ '.' ]
silly testEngine { name: 'guava',
silly testEngine   description: 'Push for mongodb',
silly testEngine   version: '0.0.4',
silly testEngine   author: { name: 'Craig Condon' },
silly testEngine   repository: 
silly testEngine    { type: 'git',
silly testEngine      url: 'git://github.com/spiceapps/mango.git' },
silly testEngine   bin: { guava: './bin/server' },
silly testEngine   directories: { lib: './lib' },
silly testEngine   dependencies: 
silly testEngine    { sk: '*',
silly testEngine      structr: '*',
silly testEngine      vows: '*',
silly testEngine      colors: '*',
silly testEngine      'socket.io': '*',
silly testEngine      lazy: '*',
silly testEngine      traverse: '*',
silly testEngine      'dnode-protocol': '*' },
silly testEngine   main: './lib/node/index.js',
silly testEngine   _npmUser: { name: 'architectd', email: 'craig@spiceapps.com' },
silly testEngine   _id: 'guava@0.0.4',
silly testEngine   devDependencies: {},
silly testEngine   engines: { node: '*' },
silly testEngine   _engineSupported: true,
silly testEngine   _npmVersion: '1.0.103',
silly testEngine   _nodeVersion: 'v0.4.12',
silly testEngine   _defaultsLoaded: true,
silly testEngine   scripts: {} }
verbose caching /Users/craig/Dropbox/Developer/Public/guava/package.json
verbose loadDefaults guava@0.0.4
info prepublish guava@0.0.4
verbose cache add [ '.', null ]
silly cache add: name, spec, args [ undefined, '.', [ '.', null ] ]
verbose parsed url { pathname: '.', href: '.' }
silly testEngine { name: 'guava',
silly testEngine   description: 'Push for mongodb',
silly testEngine   version: '0.0.4',
silly testEngine   author: { name: 'Craig Condon' },
silly testEngine   repository: 
silly testEngine    { type: 'git',
silly testEngine      url: 'git://github.com/spiceapps/mango.git' },
silly testEngine   bin: { guava: './bin/server' },
silly testEngine   directories: { lib: './lib' },
silly testEngine   dependencies: 
silly testEngine    { sk: '*',
silly testEngine      structr: '*',
silly testEngine      vows: '*',
silly testEngine      colors: '*',
silly testEngine      'socket.io': '*',
silly testEngine      lazy: '*',
silly testEngine      traverse: '*',
silly testEngine      'dnode-protocol': '*' },
silly testEngine   main: './lib/node/index.js',
silly testEngine   _npmUser: { name: 'architectd', email: 'craig@spiceapps.com' },
silly testEngine   _id: 'guava@0.0.4',
silly testEngine   devDependencies: {},
silly testEngine   engines: { node: '*' },
silly testEngine   _engineSupported: true,
silly testEngine   _npmVersion: '1.0.103',
silly testEngine   _nodeVersion: 'v0.4.12',
silly testEngine   _defaultsLoaded: true,
silly testEngine   path: '/Users/craig/Dropbox/Developer/Public/guava' }
verbose caching package.json
verbose loadDefaults guava@0.0.4
verbose pack /Users/craig/Dropbox/Developer/Public/guava /var/folders/n1/r96x64mx6jzcbzkbz1ddrw6r0000gn/T/npm-1320526664018/1320526664018-0.4601786001585424/tmp.tgz
verbose mkdir (expected) error ENOENT, No such file or directory '/var/folders/n1/r96x64mx6jzcbzkbz1ddrw6r0000gn/T/npm-1320526664018'
verbose mkdir (expected) error ENOENT, No such file or directory '/var/folders/n1/r96x64mx6jzcbzkbz1ddrw6r0000gn/T/npm-1320526664018/1320526664018-0.4601786001585424'
verbose mkdir done: /var/folders/n1/r96x64mx6jzcbzkbz1ddrw6r0000gn/T/npm-1320526664018/1320526664018-0.4601786001585424 755
verbose mkdir'ed /var/folders/n1/r96x64mx6jzcbzkbz1ddrw6r0000gn/T/npm-1320526664018/1320526664018-0.4601786001585424
verbose tar about to write tar and gzip it.
silly tar args [ '-czvf', '-', '-T', '-' ]
silly spawning [ 'tar',
silly spawning   [ '-czvf', '-', '-T', '-' ],
silly spawning   '/Users/craig/Dropbox/Developer/Public' ]
verbose mkdir (expected) error ENOENT, No such file or directory '/var/folders/n1/r96x64mx6jzcbzkbz1ddrw6r0000gn/T/npm-1320526664018/1320526664018-0.4601786001585424/contents'
verbose mkdir (expected) error ENOENT, No such file or directory '/var/folders/n1/r96x64mx6jzcbzkbz1ddrw6r0000gn/T/npm-1320526664018/1320526664018-0.4601786001585424/contents/___package.npm'
verbose mkdir done: /var/folders/n1/r96x64mx6jzcbzkbz1ddrw6r0000gn/T/npm-1320526664018/1320526664018-0.4601786001585424/contents/___package.npm 755
verbose unpack_ uid, gid [ undefined, undefined ]
verbose unpackTarget /var/folders/n1/r96x64mx6jzcbzkbz1ddrw6r0000gn/T/npm-1320526664018/1320526664018-0.4601786001585424/contents/package
silly gunzTarPerm modes [ '755', '644' ]
silly spawning [ 'tar',
silly spawning   [ '-zmvxpf',
silly spawning     '/var/folders/n1/r96x64mx6jzcbzkbz1ddrw6r0000gn/T/npm-1320526664018/1320526664018-0.4601786001585424/tmp.tgz',
silly spawning     '-o' ],
silly spawning   '/var/folders/n1/r96x64mx6jzcbzkbz1ddrw6r0000gn/T/npm-1320526664018/1320526664018-0.4601786001585424/contents/___package.npm' ]
silly tar err x guava/.cupboard
silly tar err x guava/.gitignore
silly tar err x guava/MIT-LICENSE.txt
silly tar err x guava/package.json
silly tar err x guava/README.md
silly tar err x guava/bin/server
silly tar err x guava/examples/bench.js
silly tar err x guava/examples/clientA.js
silly tar err x guava/examples/clientB.js
silly tar err x guava/examples/in-multi.js
silly tar err x guava/lib/index.js
silly tar err x guava/lib/core/index.js
silly tar err x guava/lib/core/observer.js
silly tar err x guava/lib/core/stmt.js
silly tar err x guava/lib/node/index.js
silly tar err x guava/lib/node/observer.js
silly tar err x guava/lib/node/client/index.js
silly tar err x guava/lib/node/server/index.js
silly tar err x guava/lib/vendors/dnode/index.js
silly tar err x guava/lib/vendors/dnode/lib/stream_socketio.js
silly asyncMap in gTP /var/folders/n1/r96x64mx6jzcbzkbz1ddrw6r0000gn/T/npm-1320526664018/1320526664018-0.4601786001585424/contents/___package.npm/guava
silly asyncMap in gTP /var/folders/n1/r96x64mx6jzcbzkbz1ddrw6r0000gn/T/npm-1320526664018/1320526664018-0.4601786001585424/contents/___package.npm/guava/.cupboard
silly asyncMap in gTP /var/folders/n1/r96x64mx6jzcbzkbz1ddrw6r0000gn/T/npm-1320526664018/1320526664018-0.4601786001585424/contents/___package.npm/guava/.gitignore
silly asyncMap in gTP /var/folders/n1/r96x64mx6jzcbzkbz1ddrw6r0000gn/T/npm-1320526664018/1320526664018-0.4601786001585424/contents/___package.npm/guava/MIT-LICENSE.txt
silly asyncMap in gTP /var/folders/n1/r96x64mx6jzcbzkbz1ddrw6r0000gn/T/npm-1320526664018/1320526664018-0.4601786001585424/contents/___package.npm/guava/package.json
silly asyncMap in gTP /var/folders/n1/r96x64mx6jzcbzkbz1ddrw6r0000gn/T/npm-1320526664018/1320526664018-0.4601786001585424/contents/___package.npm/guava/README.md
silly asyncMap in gTP /var/folders/n1/r96x64mx6jzcbzkbz1ddrw6r0000gn/T/npm-1320526664018/1320526664018-0.4601786001585424/contents/___package.npm/guava/bin
silly asyncMap in gTP /var/folders/n1/r96x64mx6jzcbzkbz1ddrw6r0000gn/T/npm-1320526664018/1320526664018-0.4601786001585424/contents/___package.npm/guava/bin/server
silly asyncMap in gTP /var/folders/n1/r96x64mx6jzcbzkbz1ddrw6r0000gn/T/npm-1320526664018/1320526664018-0.4601786001585424/contents/___package.npm/guava/examples
silly asyncMap in gTP /var/folders/n1/r96x64mx6jzcbzkbz1ddrw6r0000gn/T/npm-1320526664018/1320526664018-0.4601786001585424/contents/___package.npm/guava/examples/bench.js
silly asyncMap in gTP /var/folders/n1/r96x64mx6jzcbzkbz1ddrw6r0000gn/T/npm-1320526664018/1320526664018-0.4601786001585424/contents/___package.npm/guava/examples/clientA.js
silly asyncMap in gTP /var/folders/n1/r96x64mx6jzcbzkbz1ddrw6r0000gn/T/npm-1320526664018/1320526664018-0.4601786001585424/contents/___package.npm/guava/examples/clientB.js
silly asyncMap in gTP /var/folders/n1/r96x64mx6jzcbzkbz1ddrw6r0000gn/T/npm-1320526664018/1320526664018-0.4601786001585424/contents/___package.npm/guava/examples/in-multi.js
silly asyncMap in gTP /var/folders/n1/r96x64mx6jzcbzkbz1ddrw6r0000gn/T/npm-1320526664018/1320526664018-0.4601786001585424/contents/___package.npm/guava/lib
silly asyncMap in gTP /var/folders/n1/r96x64mx6jzcbzkbz1ddrw6r0000gn/T/npm-1320526664018/1320526664018-0.4601786001585424/contents/___package.npm/guava/lib/index.js
silly asyncMap in gTP /var/folders/n1/r96x64mx6jzcbzkbz1ddrw6r0000gn/T/npm-1320526664018/1320526664018-0.4601786001585424/contents/___package.npm/guava/lib/core
silly asyncMap in gTP /var/folders/n1/r96x64mx6jzcbzkbz1ddrw6r0000gn/T/npm-1320526664018/1320526664018-0.4601786001585424/contents/___package.npm/guava/lib/core/index.js
silly asyncMap in gTP /var/folders/n1/r96x64mx6jzcbzkbz1ddrw6r0000gn/T/npm-1320526664018/1320526664018-0.4601786001585424/contents/___package.npm/guava/lib/core/observer.js
silly asyncMap in gTP /var/folders/n1/r96x64mx6jzcbzkbz1ddrw6r0000gn/T/npm-1320526664018/1320526664018-0.4601786001585424/contents/___package.npm/guava/lib/core/stmt.js
silly asyncMap in gTP /var/folders/n1/r96x64mx6jzcbzkbz1ddrw6r0000gn/T/npm-1320526664018/1320526664018-0.4601786001585424/contents/___package.npm/guava/lib/node
silly asyncMap in gTP /var/folders/n1/r96x64mx6jzcbzkbz1ddrw6r0000gn/T/npm-1320526664018/1320526664018-0.4601786001585424/contents/___package.npm/guava/lib/node/index.js
silly asyncMap in gTP /var/folders/n1/r96x64mx6jzcbzkbz1ddrw6r0000gn/T/npm-1320526664018/1320526664018-0.4601786001585424/contents/___package.npm/guava/lib/node/observer.js
silly asyncMap in gTP /var/folders/n1/r96x64mx6jzcbzkbz1ddrw6r0000gn/T/npm-1320526664018/1320526664018-0.4601786001585424/contents/___package.npm/guava/lib/node/client
silly asyncMap in gTP /var/folders/n1/r96x64mx6jzcbzkbz1ddrw6r0000gn/T/npm-1320526664018/1320526664018-0.4601786001585424/contents/___package.npm/guava/lib/node/client/index.js
silly asyncMap in gTP /var/folders/n1/r96x64mx6jzcbzkbz1ddrw6r0000gn/T/npm-1320526664018/1320526664018-0.4601786001585424/contents/___package.npm/guava/lib/node/server
silly asyncMap in gTP /var/folders/n1/r96x64mx6jzcbzkbz1ddrw6r0000gn/T/npm-1320526664018/1320526664018-0.4601786001585424/contents/___package.npm/guava/lib/node/server/index.js
silly asyncMap in gTP /var/folders/n1/r96x64mx6jzcbzkbz1ddrw6r0000gn/T/npm-1320526664018/1320526664018-0.4601786001585424/contents/___package.npm/guava/lib/vendors
silly asyncMap in gTP /var/folders/n1/r96x64mx6jzcbzkbz1ddrw6r0000gn/T/npm-1320526664018/1320526664018-0.4601786001585424/contents/___package.npm/guava/lib/vendors/dnode
silly asyncMap in gTP /var/folders/n1/r96x64mx6jzcbzkbz1ddrw6r0000gn/T/npm-1320526664018/1320526664018-0.4601786001585424/contents/___package.npm/guava/lib/vendors/dnode/index.js
silly asyncMap in gTP /var/folders/n1/r96x64mx6jzcbzkbz1ddrw6r0000gn/T/npm-1320526664018/1320526664018-0.4601786001585424/contents/___package.npm/guava/lib/vendors/dnode/lib
silly asyncMap in gTP /var/folders/n1/r96x64mx6jzcbzkbz1ddrw6r0000gn/T/npm-1320526664018/1320526664018-0.4601786001585424/contents/___package.npm/guava/lib/vendors/dnode/lib/stream_socketio.js
verbose gunzed /var/folders/n1/r96x64mx6jzcbzkbz1ddrw6r0000gn/T/npm-1320526664018/1320526664018-0.4601786001585424/contents/___package.npm/guava
verbose rm'ed /var/folders/n1/r96x64mx6jzcbzkbz1ddrw6r0000gn/T/npm-1320526664018/1320526664018-0.4601786001585424/contents/package
verbose renamed [ '/var/folders/n1/r96x64mx6jzcbzkbz1ddrw6r0000gn/T/npm-1320526664018/1320526664018-0.4601786001585424/contents/___package.npm/guava',
verbose renamed   '/var/folders/n1/r96x64mx6jzcbzkbz1ddrw6r0000gn/T/npm-1320526664018/1320526664018-0.4601786001585424/contents/package' ]
silly testEngine { name: 'guava',
silly testEngine   description: 'Push for mongodb',
silly testEngine   version: '0.0.4',
silly testEngine   author: { name: 'Craig Condon' },
silly testEngine   repository: 
silly testEngine    { type: 'git',
silly testEngine      url: 'git://github.com/spiceapps/mango.git' },
silly testEngine   bin: { guava: './bin/server' },
silly testEngine   directories: { lib: './lib' },
silly testEngine   dependencies: 
silly testEngine    { sk: '*',
silly testEngine      structr: '*',
silly testEngine      vows: '*',
silly testEngine      colors: '*',
silly testEngine      'socket.io': '*',
silly testEngine      lazy: '*',
silly testEngine      traverse: '*',
silly testEngine      'dnode-protocol': '*' },
silly testEngine   main: './lib/node/index.js',
silly testEngine   _npmUser: { name: 'architectd', email: 'craig@spiceapps.com' },
silly testEngine   _id: 'guava@0.0.4',
silly testEngine   devDependencies: {},
silly testEngine   engines: { node: '*' },
silly testEngine   _engineSupported: true,
silly testEngine   _npmVersion: '1.0.103',
silly testEngine   _nodeVersion: 'v0.4.12',
silly testEngine   _defaultsLoaded: true,
silly testEngine   path: '/var/folders/n1/r96x64mx6jzcbzkbz1ddrw6r0000gn/T/npm-1320526664018/1320526664018-0.4601786001585424/contents/package' }
verbose caching /var/folders/n1/r96x64mx6jzcbzkbz1ddrw6r0000gn/T/npm-1320526664018/1320526664018-0.4601786001585424/contents/package/package.json
verbose loadDefaults guava@0.0.4
verbose tarball contents [ 'package' ]
verbose from cache /var/folders/n1/r96x64mx6jzcbzkbz1ddrw6r0000gn/T/npm-1320526664018/1320526664018-0.4601786001585424/contents/package/package.json
verbose pack /var/folders/n1/r96x64mx6jzcbzkbz1ddrw6r0000gn/T/npm-1320526664018/1320526664018-0.4601786001585424/contents/package /Users/craig/.npm/guava/0.0.4/package.tgz
verbose mkdir'ed /Users/craig/.npm/guava/0.0.4
verbose tar about to write tar and gzip it.
silly tar args [ '-czvf', '-', '-T', '-' ]
silly spawning [ 'tar',
silly spawning   [ '-czvf', '-', '-T', '-' ],
silly spawning   '/var/folders/n1/r96x64mx6jzcbzkbz1ddrw6r0000gn/T/npm-1320526664018/1320526664018-0.4601786001585424/contents' ]
verbose mkdir (expected) error ENOENT, No such file or directory '/Users/craig/.npm/guava/0.0.4/___package.npm'
verbose mkdir done: /Users/craig/.npm/guava/0.0.4/___package.npm 755
verbose unpack_ uid, gid [ undefined, undefined ]
verbose unpackTarget /Users/craig/.npm/guava/0.0.4/package
silly gunzTarPerm modes [ '755', '644' ]
silly spawning [ 'tar',
silly spawning   [ '-zmvxpf',
silly spawning     '/Users/craig/.npm/guava/0.0.4/package.tgz',
silly spawning     '-o' ],
silly spawning   '/Users/craig/.npm/guava/0.0.4/___package.npm' ]
silly tar err x package/.cupboard
silly tar err x package/.gitignore
silly tar err x package/MIT-LICENSE.txt
silly tar err x package/package.json
silly tar err x package/README.md
silly tar err x package/bin/server
silly tar err x package/examples/bench.js
silly tar err x package/examples/clientA.js
silly tar err x package/examples/clientB.js
silly tar err x package/examples/in-multi.js
silly tar err x package/lib/index.js
silly tar err x package/lib/core/index.js
silly tar err x package/lib/core/observer.js
silly tar err x package/lib/core/stmt.js
silly tar err x package/lib/node/index.js
silly tar err x package/lib/node/observer.js
silly tar err x package/lib/node/client/index.js
silly tar err x package/lib/node/server/index.js
silly tar err x package/lib/vendors/dnode/index.js
silly tar err x package/lib/vendors/dnode/lib/stream_socketio.js
silly asyncMap in gTP /Users/craig/.npm/guava/0.0.4/___package.npm/package
silly asyncMap in gTP /Users/craig/.npm/guava/0.0.4/___package.npm/package/.cupboard
silly asyncMap in gTP /Users/craig/.npm/guava/0.0.4/___package.npm/package/.gitignore
silly asyncMap in gTP /Users/craig/.npm/guava/0.0.4/___package.npm/package/MIT-LICENSE.txt
silly asyncMap in gTP /Users/craig/.npm/guava/0.0.4/___package.npm/package/package.json
silly asyncMap in gTP /Users/craig/.npm/guava/0.0.4/___package.npm/package/README.md
silly asyncMap in gTP /Users/craig/.npm/guava/0.0.4/___package.npm/package/bin
silly asyncMap in gTP /Users/craig/.npm/guava/0.0.4/___package.npm/package/bin/server
silly asyncMap in gTP /Users/craig/.npm/guava/0.0.4/___package.npm/package/examples
silly asyncMap in gTP /Users/craig/.npm/guava/0.0.4/___package.npm/package/examples/bench.js
silly asyncMap in gTP /Users/craig/.npm/guava/0.0.4/___package.npm/package/examples/clientA.js
silly asyncMap in gTP /Users/craig/.npm/guava/0.0.4/___package.npm/package/examples/clientB.js
silly asyncMap in gTP /Users/craig/.npm/guava/0.0.4/___package.npm/package/examples/in-multi.js
silly asyncMap in gTP /Users/craig/.npm/guava/0.0.4/___package.npm/package/lib
silly asyncMap in gTP /Users/craig/.npm/guava/0.0.4/___package.npm/package/lib/index.js
silly asyncMap in gTP /Users/craig/.npm/guava/0.0.4/___package.npm/package/lib/core
silly asyncMap in gTP /Users/craig/.npm/guava/0.0.4/___package.npm/package/lib/core/index.js
silly asyncMap in gTP /Users/craig/.npm/guava/0.0.4/___package.npm/package/lib/core/observer.js
silly asyncMap in gTP /Users/craig/.npm/guava/0.0.4/___package.npm/package/lib/core/stmt.js
silly asyncMap in gTP /Users/craig/.npm/guava/0.0.4/___package.npm/package/lib/node
silly asyncMap in gTP /Users/craig/.npm/guava/0.0.4/___package.npm/package/lib/node/index.js
silly asyncMap in gTP /Users/craig/.npm/guava/0.0.4/___package.npm/package/lib/node/observer.js
silly asyncMap in gTP /Users/craig/.npm/guava/0.0.4/___package.npm/package/lib/node/client
silly asyncMap in gTP /Users/craig/.npm/guava/0.0.4/___package.npm/package/lib/node/client/index.js
silly asyncMap in gTP /Users/craig/.npm/guava/0.0.4/___package.npm/package/lib/node/server
silly asyncMap in gTP /Users/craig/.npm/guava/0.0.4/___package.npm/package/lib/node/server/index.js
silly asyncMap in gTP /Users/craig/.npm/guava/0.0.4/___package.npm/package/lib/vendors
silly asyncMap in gTP /Users/craig/.npm/guava/0.0.4/___package.npm/package/lib/vendors/dnode
silly asyncMap in gTP /Users/craig/.npm/guava/0.0.4/___package.npm/package/lib/vendors/dnode/index.js
silly asyncMap in gTP /Users/craig/.npm/guava/0.0.4/___package.npm/package/lib/vendors/dnode/lib
silly asyncMap in gTP /Users/craig/.npm/guava/0.0.4/___package.npm/package/lib/vendors/dnode/lib/stream_socketio.js
verbose gunzed /Users/craig/.npm/guava/0.0.4/___package.npm/package
verbose rm'ed /Users/craig/.npm/guava/0.0.4/package
verbose renamed [ '/Users/craig/.npm/guava/0.0.4/___package.npm/package',
verbose renamed   '/Users/craig/.npm/guava/0.0.4/package' ]
silly testEngine { name: 'guava',
silly testEngine   description: 'Push for mongodb',
silly testEngine   version: '0.0.4',
silly testEngine   author: { name: 'Craig Condon' },
silly testEngine   repository: 
silly testEngine    { type: 'git',
silly testEngine      url: 'git://github.com/spiceapps/mango.git' },
silly testEngine   bin: { guava: './bin/server' },
silly testEngine   directories: { lib: './lib' },
silly testEngine   dependencies: 
silly testEngine    { sk: '*',
silly testEngine      structr: '*',
silly testEngine      vows: '*',
silly testEngine      colors: '*',
silly testEngine      'socket.io': '*',
silly testEngine      lazy: '*',
silly testEngine      traverse: '*',
silly testEngine      'dnode-protocol': '*' },
silly testEngine   main: './lib/node/index.js',
silly testEngine   _npmUser: { name: 'architectd', email: 'craig@spiceapps.com' },
silly testEngine   _id: 'guava@0.0.4',
silly testEngine   devDependencies: {},
silly testEngine   engines: { node: '*' },
silly testEngine   _engineSupported: true,
silly testEngine   _npmVersion: '1.0.103',
silly testEngine   _nodeVersion: 'v0.4.12',
silly testEngine   _defaultsLoaded: true,
silly testEngine   dist: 
silly testEngine    { shasum: '07631407c85ad09c124977de1a7e874e825bd2af',
silly testEngine      tarball: 'http://registry.npmjs.org/guava/-/guava-0.0.4.tgz' } }
verbose caching /Users/craig/.npm/guava/0.0.4/package/package.json
verbose loadDefaults guava@0.0.4
silly updated sha bytes 10240
info shasum 50d4c72792b14d9eb91366666138f5c30664292b
info shasum /Users/craig/.npm/guava/0.0.4/package.tgz
verbose from cache /Users/craig/.npm/guava/0.0.4/package/package.json
verbose chmod /Users/craig/.npm/guava/0.0.4/package.tgz 644
verbose chown [ '/Users/craig/.npm/guava/0.0.4/package.tgz',
verbose chown   501,
verbose chown   20 ]
silly publish { name: 'guava',
silly publish   description: 'Push for mongodb',
silly publish   version: '0.0.4',
silly publish   author: { name: 'Craig Condon' },
silly publish   repository: 
silly publish    { type: 'git',
silly publish      url: 'git://github.com/spiceapps/mango.git' },
silly publish   bin: { guava: './bin/server' },
silly publish   directories: { lib: './lib' },
silly publish   dependencies: 
silly publish    { sk: '*',
silly publish      structr: '*',
silly publish      vows: '*',
silly publish      colors: '*',
silly publish      'socket.io': '*',
silly publish      lazy: '*',
silly publish      traverse: '*',
silly publish      'dnode-protocol': '*' },
silly publish   main: './lib/node/index.js',
silly publish   _npmUser: { name: 'architectd', email: 'craig@spiceapps.com' },
silly publish   _id: 'guava@0.0.4',
silly publish   devDependencies: {},
silly publish   engines: { node: '*' },
silly publish   _engineSupported: true,
silly publish   _npmVersion: '1.0.103',
silly publish   _nodeVersion: 'v0.4.12',
silly publish   _defaultsLoaded: true,
silly publish   dist: 
silly publish    { shasum: '07631407c85ad09c124977de1a7e874e825bd2af',
silly publish      tarball: 'http://registry.npmjs.org/guava/-/guava-0.0.4.tgz' } }
verbose PUT guava
verbose raw, before any munging guava
verbose url resolving [ 'https://registry.npmjs.org/', './guava' ]
verbose url resolved https://registry.npmjs.org/guava
verbose GET guava
verbose raw, before any munging guava
verbose url resolving [ 'https://registry.npmjs.org/', './guava' ]
verbose url resolved https://registry.npmjs.org/guava
info Already published guava@0.0.4
verbose uploading bin dists []
WARN publish Forced publish over guava@0.0.4
verbose GET guava
verbose raw, before any munging guava
verbose url resolving [ 'https://registry.npmjs.org/', './guava' ]
verbose url resolved https://registry.npmjs.org/guava
verbose etag "LEHZWTRHK2WRQH7OMH7M442"
silly get cb [ 304,
silly get cb   { server: 'CouchDB/1.1.1 (Erlang OTP/R14B04)',
silly get cb     etag: '"LEHZWTRHK2WRQH7OMH7M442"',
silly get cb     date: 'Sat, 05 Nov 2011 20:57:52 GMT',
silly get cb     'content-length': '0' } ]
verbose etag guava from cache
verbose removing attachments { shasum: 'a2e72e7e00d609b20ed935a648001e3ff8ec6c13',
verbose removing attachments   tarball: 'http://registry.npmjs.org/guava/-/guava-0.0.4.tgz' }
verbose PUT guava/-rev/19-cc92cc3cee35088c5ab922a7daf0a64b
verbose raw, before any munging guava/-rev/19-cc92cc3cee35088c5ab922a7daf0a64b
verbose url resolving [ 'https://registry.npmjs.org/',
verbose url resolving   './guava/-rev/19-cc92cc3cee35088c5ab922a7daf0a64b' ]
verbose url resolved https://registry.npmjs.org/guava/-rev/19-cc92cc3cee35088c5ab922a7daf0a64b
verbose GET guava
verbose raw, before any munging guava
verbose url resolving [ 'https://registry.npmjs.org/', './guava' ]
verbose url resolved https://registry.npmjs.org/guava
silly get cb [ 200,
silly get cb   { vary: 'Accept',
silly get cb     server: 'CouchDB/1.1.1 (Erlang OTP/R14B04)',
silly get cb     etag: '"C181R0HPZ8SNUUNQ5MI9H2H0I"',
silly get cb     date: 'Sat, 05 Nov 2011 20:57:53 GMT',
silly get cb     'content-type': 'application/json',
silly get cb     'content-length': '3267' } ]
info detach /guava/-/guava-0.0.4.tgz/-rev/20-9375b5cc1b915d47df82b2da5a2e5199
verbose DELETE /guava/-/guava-0.0.4.tgz/-rev/20-9375b5cc1b915d47df82b2da5a2e5199
verbose raw, before any munging /guava/-/guava-0.0.4.tgz/-rev/20-9375b5cc1b915d47df82b2da5a2e5199
verbose url resolving [ 'https://registry.npmjs.org/',
verbose url resolving   './guava/-/guava-0.0.4.tgz/-rev/20-9375b5cc1b915d47df82b2da5a2e5199' ]
verbose url resolved https://registry.npmjs.org/guava/-/guava-0.0.4.tgz/-rev/20-9375b5cc1b915d47df82b2da5a2e5199
verbose publish [ '.' ]
verbose from cache /Users/craig/Dropbox/Developer/Public/guava/package.json
info prepublish guava@0.0.4
verbose cache add [ '.', null ]
silly cache add: name, spec, args [ undefined, '.', [ '.', null ] ]
verbose parsed url { pathname: '.', href: '.' }
verbose from cache package.json
verbose pack /Users/craig/Dropbox/Developer/Public/guava /var/folders/n1/r96x64mx6jzcbzkbz1ddrw6r0000gn/T/npm-1320526664018/1320526672353-0.16931997891515493/tmp.tgz
verbose mkdir (expected) error ENOENT, No such file or directory '/var/folders/n1/r96x64mx6jzcbzkbz1ddrw6r0000gn/T/npm-1320526664018/1320526672353-0.16931997891515493'
verbose mkdir done: /var/folders/n1/r96x64mx6jzcbzkbz1ddrw6r0000gn/T/npm-1320526664018/1320526672353-0.16931997891515493 755
verbose mkdir'ed /var/folders/n1/r96x64mx6jzcbzkbz1ddrw6r0000gn/T/npm-1320526664018/1320526672353-0.16931997891515493
verbose tar about to write tar and gzip it.
silly tar args [ '-czvf', '-', '-T', '-' ]
silly spawning [ 'tar',
silly spawning   [ '-czvf', '-', '-T', '-' ],
silly spawning   '/Users/craig/Dropbox/Developer/Public' ]
verbose mkdir (expected) error ENOENT, No such file or directory '/var/folders/n1/r96x64mx6jzcbzkbz1ddrw6r0000gn/T/npm-1320526664018/1320526672353-0.16931997891515493/contents'
verbose mkdir (expected) error ENOENT, No such file or directory '/var/folders/n1/r96x64mx6jzcbzkbz1ddrw6r0000gn/T/npm-1320526664018/1320526672353-0.16931997891515493/contents/___package.npm'
verbose mkdir done: /var/folders/n1/r96x64mx6jzcbzkbz1ddrw6r0000gn/T/npm-1320526664018/1320526672353-0.16931997891515493/contents/___package.npm 755
verbose unpack_ uid, gid [ undefined, undefined ]
verbose unpackTarget /var/folders/n1/r96x64mx6jzcbzkbz1ddrw6r0000gn/T/npm-1320526664018/1320526672353-0.16931997891515493/contents/package
silly gunzTarPerm modes [ '755', '644' ]
silly spawning [ 'tar',
silly spawning   [ '-zmvxpf',
silly spawning     '/var/folders/n1/r96x64mx6jzcbzkbz1ddrw6r0000gn/T/npm-1320526664018/1320526672353-0.16931997891515493/tmp.tgz',
silly spawning     '-o' ],
silly spawning   '/var/folders/n1/r96x64mx6jzcbzkbz1ddrw6r0000gn/T/npm-1320526664018/1320526672353-0.16931997891515493/contents/___package.npm' ]
silly tar err x guava/.cupboard
silly tar err x guava/.gitignore
silly tar err x guava/MIT-LICENSE.txt
silly tar err x guava/package.json
silly tar err x guava/README.md
silly tar err x guava/bin/server
silly tar err x guava/examples/bench.js
silly tar err x guava/examples/clientA.js
silly tar err x guava/examples/clientB.js
silly tar err x guava/examples/in-multi.js
silly tar err x guava/lib/index.js
silly tar err x guava/lib/core/index.js
silly tar err x guava/lib/core/observer.js
silly tar err x guava/lib/core/stmt.js
silly tar err x guava/lib/node/index.js
silly tar err x guava/lib/node/observer.js
silly tar err x guava/lib/node/client/index.js
silly tar err x guava/lib/node/server/index.js
silly tar err x guava/lib/vendors/dnode/index.js
silly tar err x guava/lib/vendors/dnode/lib/stream_socketio.js
silly asyncMap in gTP /var/folders/n1/r96x64mx6jzcbzkbz1ddrw6r0000gn/T/npm-1320526664018/1320526672353-0.16931997891515493/contents/___package.npm/guava
silly asyncMap in gTP /var/folders/n1/r96x64mx6jzcbzkbz1ddrw6r0000gn/T/npm-1320526664018/1320526672353-0.16931997891515493/contents/___package.npm/guava/.cupboard
silly asyncMap in gTP /var/folders/n1/r96x64mx6jzcbzkbz1ddrw6r0000gn/T/npm-1320526664018/1320526672353-0.16931997891515493/contents/___package.npm/guava/.gitignore
silly asyncMap in gTP /var/folders/n1/r96x64mx6jzcbzkbz1ddrw6r0000gn/T/npm-1320526664018/1320526672353-0.16931997891515493/contents/___package.npm/guava/MIT-LICENSE.txt
silly asyncMap in gTP /var/folders/n1/r96x64mx6jzcbzkbz1ddrw6r0000gn/T/npm-1320526664018/1320526672353-0.16931997891515493/contents/___package.npm/guava/package.json
silly asyncMap in gTP /var/folders/n1/r96x64mx6jzcbzkbz1ddrw6r0000gn/T/npm-1320526664018/1320526672353-0.16931997891515493/contents/___package.npm/guava/README.md
silly asyncMap in gTP /var/folders/n1/r96x64mx6jzcbzkbz1ddrw6r0000gn/T/npm-1320526664018/1320526672353-0.16931997891515493/contents/___package.npm/guava/bin
silly asyncMap in gTP /var/folders/n1/r96x64mx6jzcbzkbz1ddrw6r0000gn/T/npm-1320526664018/1320526672353-0.16931997891515493/contents/___package.npm/guava/bin/server
silly asyncMap in gTP /var/folders/n1/r96x64mx6jzcbzkbz1ddrw6r0000gn/T/npm-1320526664018/1320526672353-0.16931997891515493/contents/___package.npm/guava/examples
silly asyncMap in gTP /var/folders/n1/r96x64mx6jzcbzkbz1ddrw6r0000gn/T/npm-1320526664018/1320526672353-0.16931997891515493/contents/___package.npm/guava/examples/bench.js
silly asyncMap in gTP /var/folders/n1/r96x64mx6jzcbzkbz1ddrw6r0000gn/T/npm-1320526664018/1320526672353-0.16931997891515493/contents/___package.npm/guava/examples/clientA.js
silly asyncMap in gTP /var/folders/n1/r96x64mx6jzcbzkbz1ddrw6r0000gn/T/npm-1320526664018/1320526672353-0.16931997891515493/contents/___package.npm/guava/examples/clientB.js
silly asyncMap in gTP /var/folders/n1/r96x64mx6jzcbzkbz1ddrw6r0000gn/T/npm-1320526664018/1320526672353-0.16931997891515493/contents/___package.npm/guava/examples/in-multi.js
silly asyncMap in gTP /var/folders/n1/r96x64mx6jzcbzkbz1ddrw6r0000gn/T/npm-1320526664018/1320526672353-0.16931997891515493/contents/___package.npm/guava/lib
silly asyncMap in gTP /var/folders/n1/r96x64mx6jzcbzkbz1ddrw6r0000gn/T/npm-1320526664018/1320526672353-0.16931997891515493/contents/___package.npm/guava/lib/index.js
silly asyncMap in gTP /var/folders/n1/r96x64mx6jzcbzkbz1ddrw6r0000gn/T/npm-1320526664018/1320526672353-0.16931997891515493/contents/___package.npm/guava/lib/core
silly asyncMap in gTP /var/folders/n1/r96x64mx6jzcbzkbz1ddrw6r0000gn/T/npm-1320526664018/1320526672353-0.16931997891515493/contents/___package.npm/guava/lib/core/index.js
silly asyncMap in gTP /var/folders/n1/r96x64mx6jzcbzkbz1ddrw6r0000gn/T/npm-1320526664018/1320526672353-0.16931997891515493/contents/___package.npm/guava/lib/core/observer.js
silly asyncMap in gTP /var/folders/n1/r96x64mx6jzcbzkbz1ddrw6r0000gn/T/npm-1320526664018/1320526672353-0.16931997891515493/contents/___package.npm/guava/lib/core/stmt.js
silly asyncMap in gTP /var/folders/n1/r96x64mx6jzcbzkbz1ddrw6r0000gn/T/npm-1320526664018/1320526672353-0.16931997891515493/contents/___package.npm/guava/lib/node
silly asyncMap in gTP /var/folders/n1/r96x64mx6jzcbzkbz1ddrw6r0000gn/T/npm-1320526664018/1320526672353-0.16931997891515493/contents/___package.npm/guava/lib/node/index.js
silly asyncMap in gTP /var/folders/n1/r96x64mx6jzcbzkbz1ddrw6r0000gn/T/npm-1320526664018/1320526672353-0.16931997891515493/contents/___package.npm/guava/lib/node/observer.js
silly asyncMap in gTP /var/folders/n1/r96x64mx6jzcbzkbz1ddrw6r0000gn/T/npm-1320526664018/1320526672353-0.16931997891515493/contents/___package.npm/guava/lib/node/client
silly asyncMap in gTP /var/folders/n1/r96x64mx6jzcbzkbz1ddrw6r0000gn/T/npm-1320526664018/1320526672353-0.16931997891515493/contents/___package.npm/guava/lib/node/client/index.js
silly asyncMap in gTP /var/folders/n1/r96x64mx6jzcbzkbz1ddrw6r0000gn/T/npm-1320526664018/1320526672353-0.16931997891515493/contents/___package.npm/guava/lib/node/server
silly asyncMap in gTP /var/folders/n1/r96x64mx6jzcbzkbz1ddrw6r0000gn/T/npm-1320526664018/1320526672353-0.16931997891515493/contents/___package.npm/guava/lib/node/server/index.js
silly asyncMap in gTP /var/folders/n1/r96x64mx6jzcbzkbz1ddrw6r0000gn/T/npm-1320526664018/1320526672353-0.16931997891515493/contents/___package.npm/guava/lib/vendors
silly asyncMap in gTP /var/folders/n1/r96x64mx6jzcbzkbz1ddrw6r0000gn/T/npm-1320526664018/1320526672353-0.16931997891515493/contents/___package.npm/guava/lib/vendors/dnode
silly asyncMap in gTP /var/folders/n1/r96x64mx6jzcbzkbz1ddrw6r0000gn/T/npm-1320526664018/1320526672353-0.16931997891515493/contents/___package.npm/guava/lib/vendors/dnode/index.js
silly asyncMap in gTP /var/folders/n1/r96x64mx6jzcbzkbz1ddrw6r0000gn/T/npm-1320526664018/1320526672353-0.16931997891515493/contents/___package.npm/guava/lib/vendors/dnode/lib
silly asyncMap in gTP /var/folders/n1/r96x64mx6jzcbzkbz1ddrw6r0000gn/T/npm-1320526664018/1320526672353-0.16931997891515493/contents/___package.npm/guava/lib/vendors/dnode/lib/stream_socketio.js
verbose gunzed /var/folders/n1/r96x64mx6jzcbzkbz1ddrw6r0000gn/T/npm-1320526664018/1320526672353-0.16931997891515493/contents/___package.npm/guava
verbose rm'ed /var/folders/n1/r96x64mx6jzcbzkbz1ddrw6r0000gn/T/npm-1320526664018/1320526672353-0.16931997891515493/contents/package
verbose renamed [ '/var/folders/n1/r96x64mx6jzcbzkbz1ddrw6r0000gn/T/npm-1320526664018/1320526672353-0.16931997891515493/contents/___package.npm/guava',
verbose renamed   '/var/folders/n1/r96x64mx6jzcbzkbz1ddrw6r0000gn/T/npm-1320526664018/1320526672353-0.16931997891515493/contents/package' ]
silly testEngine { name: 'guava',
silly testEngine   description: 'Push for mongodb',
silly testEngine   version: '0.0.4',
silly testEngine   author: { name: 'Craig Condon' },
silly testEngine   repository: 
silly testEngine    { type: 'git',
silly testEngine      url: 'git://github.com/spiceapps/mango.git' },
silly testEngine   bin: { guava: './bin/server' },
silly testEngine   directories: { lib: './lib' },
silly testEngine   dependencies: 
silly testEngine    { sk: '*',
silly testEngine      structr: '*',
silly testEngine      vows: '*',
silly testEngine      colors: '*',
silly testEngine      'socket.io': '*',
silly testEngine      lazy: '*',
silly testEngine      traverse: '*',
silly testEngine      'dnode-protocol': '*' },
silly testEngine   main: './lib/node/index.js',
silly testEngine   _npmUser: { name: 'architectd', email: 'craig@spiceapps.com' },
silly testEngine   _id: 'guava@0.0.4',
silly testEngine   devDependencies: {},
silly testEngine   engines: { node: '*' },
silly testEngine   _engineSupported: true,
silly testEngine   _npmVersion: '1.0.103',
silly testEngine   _nodeVersion: 'v0.4.12',
silly testEngine   _defaultsLoaded: true,
silly testEngine   path: '/var/folders/n1/r96x64mx6jzcbzkbz1ddrw6r0000gn/T/npm-1320526664018/1320526672353-0.16931997891515493/contents/package' }
verbose caching /var/folders/n1/r96x64mx6jzcbzkbz1ddrw6r0000gn/T/npm-1320526664018/1320526672353-0.16931997891515493/contents/package/package.json
verbose loadDefaults guava@0.0.4
verbose tarball contents [ 'package' ]
verbose from cache /var/folders/n1/r96x64mx6jzcbzkbz1ddrw6r0000gn/T/npm-1320526664018/1320526672353-0.16931997891515493/contents/package/package.json
verbose pack /var/folders/n1/r96x64mx6jzcbzkbz1ddrw6r0000gn/T/npm-1320526664018/1320526672353-0.16931997891515493/contents/package /Users/craig/.npm/guava/0.0.4/package.tgz
verbose mkdir (expected) error ENOENT, No such file or directory '/Users/craig/.npm/guava/0.0.4'
verbose mkdir done: /Users/craig/.npm/guava/0.0.4 755
verbose mkdir'ed /Users/craig/.npm/guava/0.0.4
verbose tar about to write tar and gzip it.
silly tar args [ '-czvf', '-', '-T', '-' ]
silly spawning [ 'tar',
silly spawning   [ '-czvf', '-', '-T', '-' ],
silly spawning   '/var/folders/n1/r96x64mx6jzcbzkbz1ddrw6r0000gn/T/npm-1320526664018/1320526672353-0.16931997891515493/contents' ]
verbose mkdir (expected) error ENOENT, No such file or directory '/Users/craig/.npm/guava/0.0.4/___package.npm'
verbose mkdir done: /Users/craig/.npm/guava/0.0.4/___package.npm 755
verbose unpack_ uid, gid [ undefined, undefined ]
verbose unpackTarget /Users/craig/.npm/guava/0.0.4/package
silly gunzTarPerm modes [ '755', '644' ]
silly spawning [ 'tar',
silly spawning   [ '-zmvxpf',
silly spawning     '/Users/craig/.npm/guava/0.0.4/package.tgz',
silly spawning     '-o' ],
silly spawning   '/Users/craig/.npm/guava/0.0.4/___package.npm' ]
silly tar err x package/.cupboard
silly tar err x package/.gitignore
silly tar err x package/MIT-LICENSE.txt
silly tar err x package/package.json
silly tar err x package/README.md
silly tar err x package/bin/server
silly tar err x package/examples/bench.js
silly tar err x package/examples/clientA.js
silly tar err x package/examples/in-multi.js
silly tar err x package/examples/clientB.js
silly tar err x package/lib/index.js
silly tar err x package/lib/core/index.js
silly tar err x package/lib/core/observer.js
silly tar err x package/lib/core/stmt.js
silly tar err x package/lib/node/index.js
silly tar err x package/lib/node/observer.js
silly tar err x package/lib/node/client/index.js
silly tar err x package/lib/node/server/index.js
silly tar err x package/lib/vendors/dnode/index.js
silly tar err x package/lib/vendors/dnode/lib/stream_socketio.js
silly asyncMap in gTP /Users/craig/.npm/guava/0.0.4/___package.npm/package
silly asyncMap in gTP /Users/craig/.npm/guava/0.0.4/___package.npm/package/.cupboard
silly asyncMap in gTP /Users/craig/.npm/guava/0.0.4/___package.npm/package/.gitignore
silly asyncMap in gTP /Users/craig/.npm/guava/0.0.4/___package.npm/package/MIT-LICENSE.txt
silly asyncMap in gTP /Users/craig/.npm/guava/0.0.4/___package.npm/package/package.json
silly asyncMap in gTP /Users/craig/.npm/guava/0.0.4/___package.npm/package/README.md
silly asyncMap in gTP /Users/craig/.npm/guava/0.0.4/___package.npm/package/bin
silly asyncMap in gTP /Users/craig/.npm/guava/0.0.4/___package.npm/package/bin/server
silly asyncMap in gTP /Users/craig/.npm/guava/0.0.4/___package.npm/package/examples
silly asyncMap in gTP /Users/craig/.npm/guava/0.0.4/___package.npm/package/examples/bench.js
silly asyncMap in gTP /Users/craig/.npm/guava/0.0.4/___package.npm/package/examples/clientA.js
silly asyncMap in gTP /Users/craig/.npm/guava/0.0.4/___package.npm/package/examples/clientB.js
silly asyncMap in gTP /Users/craig/.npm/guava/0.0.4/___package.npm/package/examples/in-multi.js
silly asyncMap in gTP /Users/craig/.npm/guava/0.0.4/___package.npm/package/lib
silly asyncMap in gTP /Users/craig/.npm/guava/0.0.4/___package.npm/package/lib/index.js
silly asyncMap in gTP /Users/craig/.npm/guava/0.0.4/___package.npm/package/lib/core
silly asyncMap in gTP /Users/craig/.npm/guava/0.0.4/___package.npm/package/lib/core/index.js
silly asyncMap in gTP /Users/craig/.npm/guava/0.0.4/___package.npm/package/lib/core/observer.js
silly asyncMap in gTP /Users/craig/.npm/guava/0.0.4/___package.npm/package/lib/core/stmt.js
silly asyncMap in gTP /Users/craig/.npm/guava/0.0.4/___package.npm/package/lib/node
silly asyncMap in gTP /Users/craig/.npm/guava/0.0.4/___package.npm/package/lib/node/index.js
silly asyncMap in gTP /Users/craig/.npm/guava/0.0.4/___package.npm/package/lib/node/observer.js
silly asyncMap in gTP /Users/craig/.npm/guava/0.0.4/___package.npm/package/lib/node/server
silly asyncMap in gTP /Users/craig/.npm/guava/0.0.4/___package.npm/package/lib/node/server/index.js
silly asyncMap in gTP /Users/craig/.npm/guava/0.0.4/___package.npm/package/lib/node/client
silly asyncMap in gTP /Users/craig/.npm/guava/0.0.4/___package.npm/package/lib/node/client/index.js
silly asyncMap in gTP /Users/craig/.npm/guava/0.0.4/___package.npm/package/lib/vendors
silly asyncMap in gTP /Users/craig/.npm/guava/0.0.4/___package.npm/package/lib/vendors/dnode
silly asyncMap in gTP /Users/craig/.npm/guava/0.0.4/___package.npm/package/lib/vendors/dnode/index.js
silly asyncMap in gTP /Users/craig/.npm/guava/0.0.4/___package.npm/package/lib/vendors/dnode/lib
silly asyncMap in gTP /Users/craig/.npm/guava/0.0.4/___package.npm/package/lib/vendors/dnode/lib/stream_socketio.js
verbose gunzed /Users/craig/.npm/guava/0.0.4/___package.npm/package
verbose rm'ed /Users/craig/.npm/guava/0.0.4/package
verbose renamed [ '/Users/craig/.npm/guava/0.0.4/___package.npm/package',
verbose renamed   '/Users/craig/.npm/guava/0.0.4/package' ]
verbose from cache /Users/craig/.npm/guava/0.0.4/package/package.json
silly updated sha bytes 10240
info shasum 07631407c85ad09c124977de1a7e874e825bd2af
info shasum /Users/craig/.npm/guava/0.0.4/package.tgz
verbose from cache /Users/craig/.npm/guava/0.0.4/package/package.json
verbose chmod /Users/craig/.npm/guava/0.0.4/package.tgz 644
verbose chown [ '/Users/craig/.npm/guava/0.0.4/package.tgz',
verbose chown   501,
verbose chown   20 ]
silly publish { name: 'guava',
silly publish   description: 'Push for mongodb',
silly publish   version: '0.0.4',
silly publish   author: { name: 'Craig Condon' },
silly publish   repository: 
silly publish    { type: 'git',
silly publish      url: 'git://github.com/spiceapps/mango.git' },
silly publish   bin: { guava: './bin/server' },
silly publish   directories: { lib: './lib' },
silly publish   dependencies: 
silly publish    { sk: '*',
silly publish      structr: '*',
silly publish      vows: '*',
silly publish      colors: '*',
silly publish      'socket.io': '*',
silly publish      lazy: '*',
silly publish      traverse: '*',
silly publish      'dnode-protocol': '*' },
silly publish   main: './lib/node/index.js',
silly publish   _npmUser: { name: 'architectd', email: 'craig@spiceapps.com' },
silly publish   _id: 'guava@0.0.4',
silly publish   devDependencies: {},
silly publish   engines: { node: '*' },
silly publish   _engineSupported: true,
silly publish   _npmVersion: '1.0.103',
silly publish   _nodeVersion: 'v0.4.12',
silly publish   _defaultsLoaded: true,
silly publish   dist: 
silly publish    { shasum: '07631407c85ad09c124977de1a7e874e825bd2af',
silly publish      tarball: 'http://registry.npmjs.org/guava/-/guava-0.0.4.tgz' } }
verbose PUT guava
verbose raw, before any munging guava
verbose url resolving [ 'https://registry.npmjs.org/', './guava' ]
verbose url resolved https://registry.npmjs.org/guava
verbose GET guava
verbose raw, before any munging guava
verbose url resolving [ 'https://registry.npmjs.org/', './guava' ]
verbose url resolved https://registry.npmjs.org/guava
verbose PUT guava/0.0.4/-tag/latest
verbose raw, before any munging guava/0.0.4/-tag/latest
verbose url resolving [ 'https://registry.npmjs.org/',
verbose url resolving   './guava/0.0.4/-tag/latest' ]
verbose url resolved https://registry.npmjs.org/guava/0.0.4/-tag/latest
ERR! Error sending version data
ERR! Error: forbidden _npmUser must be a current maintainer.
ERR! maintainers=[{"name":"architectd","email":"craig.j.condon@gmail.com"}]
ERR! current user={"name":"architectd","email":"craig.j.condon@gmail.com"}: guava/0.0.4/-tag/latest
ERR!     at Request.callback (/usr/local/lib/node_modules/npm/lib/utils/npm-registry-client/request.js:181:12)
ERR!     at Request.<anonymous> (/usr/local/lib/node_modules/npm/node_modules/request/main.js:346:18)
ERR!     at Request.emit (events.js:64:17)
ERR!     at IncomingMessage.<anonymous> (/usr/local/lib/node_modules/npm/node_modules/request/main.js:314:16)
ERR!     at IncomingMessage.emit (events.js:81:20)
ERR!     at HTTPParser.onMessageComplete (http.js:133:23)
ERR!     at CleartextStream.ondata (http.js:1231:22)
ERR!     at CleartextStream._push (tls.js:303:27)
ERR!     at SecurePair.cycle (tls.js:577:20)
ERR!     at EncryptedStream.write (tls.js:96:13)
ERR! Report this *entire* log at:
ERR!     <http://github.com/isaacs/npm/issues>
ERR! or email it to:
ERR!     <npm-@googlegroups.com>
ERR! 
ERR! System Darwin 11.2.0
ERR! command "node" "/usr/local/bin/npm" "publish" "--force"
ERR! cwd /Users/craig/Dropbox/Developer/Public/guava
ERR! node -v v0.4.12
ERR! npm -v 1.0.103
verbose exit [ 1, true ]
